2021-04-10 15:04:56 [http-nio-8080-exec-1] INFO  jwd.finalproject.controller.listener.MyRequestListener - Request for /FinalProject/index.jsp; Count=1
2021-04-10 15:04:57 [http-nio-8080-exec-1] INFO  jwd.finalproject.controller.listener.MyRequestListener - Request has been destroyed
2021-04-10 15:04:57 [http-nio-8080-exec-3] INFO  jwd.finalproject.controller.listener.MyRequestListener - Request for /FinalProject/image/image.jpg; Count=2
2021-04-10 15:04:57 [http-nio-8080-exec-3] INFO  jwd.finalproject.controller.listener.MyRequestListener - Request has been destroyed
2021-04-10 15:04:59 [http-nio-8080-exec-4] INFO  jwd.finalproject.controller.listener.MyRequestListener - Request for /FinalProject/controller; Count=3
2021-04-10 15:05:00 [http-nio-8080-exec-4] INFO  jwd.finalproject.dao.pool.ConnectionPool - Connection pool has been filled
2021-04-10 15:05:00 [http-nio-8080-exec-4] INFO  jwd.finalproject.controller.listener.MyRequestListener - Request has been destroyed
2021-04-10 15:05:00 [http-nio-8080-exec-5] INFO  jwd.finalproject.controller.listener.MyRequestListener - Request for /FinalProject/css/styles.css; Count=4
2021-04-10 15:05:00 [http-nio-8080-exec-6] INFO  jwd.finalproject.controller.listener.MyRequestListener - Request for /FinalProject/image/06bf37e2-f812-4dfb-878f-4feeb0a1a021.jpg; Count=5
2021-04-10 15:05:00 [http-nio-8080-exec-5] INFO  jwd.finalproject.controller.listener.MyRequestListener - Request has been destroyed
2021-04-10 15:05:00 [http-nio-8080-exec-6] INFO  jwd.finalproject.controller.listener.MyRequestListener - Request has been destroyed
2021-04-10 15:05:00 [http-nio-8080-exec-7] INFO  jwd.finalproject.controller.listener.MyRequestListener - Request for /FinalProject/image/befc2cd0-3c7e-46fb-81b2-fffd0f8b75a3.jpg; Count=6
2021-04-10 15:05:00 [http-nio-8080-exec-8] INFO  jwd.finalproject.controller.listener.MyRequestListener - Request for /FinalProject/image/eb0e2e9e-72d2-4675-b9c0-895780ea0b93.jpg; Count=7
2021-04-10 15:05:00 [http-nio-8080-exec-9] INFO  jwd.finalproject.controller.listener.MyRequestListener - Request for /FinalProject/image/cc0e66b9-a7dc-4012-b55e-6b6eced04a40.jpg; Count=8
2021-04-10 15:05:00 [http-nio-8080-exec-8] INFO  jwd.finalproject.controller.listener.MyRequestListener - Request has been destroyed
2021-04-10 15:05:00 [http-nio-8080-exec-9] INFO  jwd.finalproject.controller.listener.MyRequestListener - Request has been destroyed
2021-04-10 15:05:00 [http-nio-8080-exec-10] INFO  jwd.finalproject.controller.listener.MyRequestListener - Request for /FinalProject/image/f5ef68bb-33ce-453b-b071-5e7aa0132810.jpg; Count=9
2021-04-10 15:05:00 [http-nio-8080-exec-7] INFO  jwd.finalproject.controller.listener.MyRequestListener - Request has been destroyed
2021-04-10 15:05:00 [http-nio-8080-exec-10] INFO  jwd.finalproject.controller.listener.MyRequestListener - Request has been destroyed
2021-04-10 15:05:00 [http-nio-8080-exec-2] INFO  jwd.finalproject.controller.listener.MyRequestListener - Request for /FinalProject/image/23f744e4-4ca6-4a79-ae00-5b230712f799.jpg; Count=10
2021-04-10 15:05:00 [http-nio-8080-exec-2] INFO  jwd.finalproject.controller.listener.MyRequestListener - Request has been destroyed
2021-04-10 15:05:00 [http-nio-8080-exec-1] INFO  jwd.finalproject.controller.listener.MyRequestListener - Request for /FinalProject/image/23e48921-0cf6-4c21-8f29-36f671ad3168.jpg; Count=11
2021-04-10 15:05:00 [http-nio-8080-exec-1] INFO  jwd.finalproject.controller.listener.MyRequestListener - Request has been destroyed
2021-04-10 15:05:00 [http-nio-8080-exec-3] INFO  jwd.finalproject.controller.listener.MyRequestListener - Request for /FinalProject/image/7dd50de3-4eec-48fc-b8b1-8a83739e01bb.jpg; Count=12
2021-04-10 15:05:00 [http-nio-8080-exec-3] INFO  jwd.finalproject.controller.listener.MyRequestListener - Request has been destroyed
2021-04-10 15:05:00 [http-nio-8080-exec-5] INFO  jwd.finalproject.controller.listener.MyRequestListener - Request for /FinalProject/image/d3e2c3b8-3d7d-4b46-b9c4-a083fb115a65.jpg; Count=13
2021-04-10 15:05:00 [http-nio-8080-exec-4] INFO  jwd.finalproject.controller.listener.MyRequestListener - Request for /FinalProject/image/b1c29ace-efa9-45b6-8e5a-b4a63218a0e2.jpg; Count=14
2021-04-10 15:05:00 [http-nio-8080-exec-5] INFO  jwd.finalproject.controller.listener.MyRequestListener - Request has been destroyed
2021-04-10 15:05:00 [http-nio-8080-exec-4] INFO  jwd.finalproject.controller.listener.MyRequestListener - Request has been destroyed
2021-04-10 15:05:00 [http-nio-8080-exec-6] INFO  jwd.finalproject.controller.listener.MyRequestListener - Request for /FinalProject/image/0d4dd03a-b681-4833-a87a-09584d45146a.jpg; Count=15
2021-04-10 15:05:00 [http-nio-8080-exec-6] INFO  jwd.finalproject.controller.listener.MyRequestListener - Request has been destroyed
2021-04-10 15:05:00 [http-nio-8080-exec-8] INFO  jwd.finalproject.controller.listener.MyRequestListener - Request for /FinalProject/image/6e4cdf20-2d91-4fac-ae63-ccd250efcd5d.jpg; Count=16
2021-04-10 15:05:00 [http-nio-8080-exec-9] INFO  jwd.finalproject.controller.listener.MyRequestListener - Request for /FinalProject/image/3a930a52-45f3-46b1-89c3-4c5f16f81d34.jpg; Count=17
2021-04-10 15:05:00 [http-nio-8080-exec-8] INFO  jwd.finalproject.controller.listener.MyRequestListener - Request has been destroyed
2021-04-10 15:05:00 [http-nio-8080-exec-9] INFO  jwd.finalproject.controller.listener.MyRequestListener - Request has been destroyed
2021-04-10 15:05:00 [http-nio-8080-exec-7] INFO  jwd.finalproject.controller.listener.MyRequestListener - Request for /FinalProject/image/image.jpg; Count=18
2021-04-10 15:05:00 [http-nio-8080-exec-7] INFO  jwd.finalproject.controller.listener.MyRequestListener - Request has been destroyed
2021-04-10 15:05:00 [http-nio-8080-exec-10] INFO  jwd.finalproject.controller.listener.MyRequestListener - Request for /FinalProject/image/676f3a25-5171-4e18-b08d-b5ab9cb98209.jpg; Count=19
2021-04-10 15:05:00 [http-nio-8080-exec-10] INFO  jwd.finalproject.controller.listener.MyRequestListener - Request has been destroyed
2021-04-10 15:05:01 [http-nio-8080-exec-2] INFO  jwd.finalproject.controller.listener.MyRequestListener - Request for /FinalProject/image/8d9dfc74-6a8a-4570-8af5-18028537c059.jpg; Count=20
2021-04-10 15:05:01 [http-nio-8080-exec-1] INFO  jwd.finalproject.controller.listener.MyRequestListener - Request for /FinalProject/image/6baca6c7-b166-44de-8923-2e600ab68c8e.jpg; Count=21
2021-04-10 15:05:01 [http-nio-8080-exec-1] INFO  jwd.finalproject.controller.listener.MyRequestListener - Request has been destroyed
2021-04-10 15:05:01 [http-nio-8080-exec-2] INFO  jwd.finalproject.controller.listener.MyRequestListener - Request has been destroyed
2021-04-10 15:05:01 [http-nio-8080-exec-3] INFO  jwd.finalproject.controller.listener.MyRequestListener - Request for /FinalProject/image/98f54056-8665-4e73-b8dc-bb568a223c86.jpg; Count=22
2021-04-10 15:05:01 [http-nio-8080-exec-3] INFO  jwd.finalproject.controller.listener.MyRequestListener - Request has been destroyed
2021-04-10 15:05:02 [http-nio-8080-exec-5] INFO  jwd.finalproject.controller.listener.MyRequestListener - Request for /FinalProject/controller; Count=23
2021-04-10 15:05:02 [http-nio-8080-exec-5] INFO  jwd.finalproject.controller.listener.MyRequestListener - Request has been destroyed
2021-04-10 15:05:02 [http-nio-8080-exec-4] INFO  jwd.finalproject.controller.listener.MyRequestListener - Request for /FinalProject/image/image.jpg; Count=24
2021-04-10 15:05:02 [http-nio-8080-exec-4] INFO  jwd.finalproject.controller.listener.MyRequestListener - Request has been destroyed
2021-04-10 15:05:35 [http-nio-8080-exec-2] INFO  jwd.finalproject.controller.listener.MyRequestListener - Request for /FinalProject/controller; Count=25
2021-04-10 15:05:35 [http-nio-8080-exec-2] INFO  jwd.finalproject.controller.listener.MyRequestListener - Request has been destroyed
2021-04-10 15:05:35 [http-nio-8080-exec-3] INFO  jwd.finalproject.controller.listener.MyRequestListener - Request for /FinalProject/image/image.jpg; Count=26
2021-04-10 15:05:35 [http-nio-8080-exec-3] INFO  jwd.finalproject.controller.listener.MyRequestListener - Request has been destroyed
2021-04-10 15:05:36 [http-nio-8080-exec-5] INFO  jwd.finalproject.controller.listener.MyRequestListener - Request for /FinalProject/controller; Count=27
2021-04-10 15:05:36 [http-nio-8080-exec-5] INFO  jwd.finalproject.controller.listener.MyRequestListener - Request has been destroyed
2021-04-10 15:05:36 [http-nio-8080-exec-4] INFO  jwd.finalproject.controller.listener.MyRequestListener - Request for /FinalProject/css/styles.css; Count=28
2021-04-10 15:05:36 [http-nio-8080-exec-4] INFO  jwd.finalproject.controller.listener.MyRequestListener - Request has been destroyed
2021-04-10 15:05:36 [http-nio-8080-exec-6] INFO  jwd.finalproject.controller.listener.MyRequestListener - Request for /FinalProject/image/image.jpg; Count=29
2021-04-10 15:05:36 [http-nio-8080-exec-6] INFO  jwd.finalproject.controller.listener.MyRequestListener - Request has been destroyed
2021-04-10 15:05:37 [http-nio-8080-exec-9] INFO  jwd.finalproject.controller.listener.MyRequestListener - Request for /FinalProject/controller; Count=30
2021-04-10 15:05:37 [http-nio-8080-exec-9] INFO  jwd.finalproject.controller.listener.MyRequestListener - Request has been destroyed
2021-04-10 15:05:37 [http-nio-8080-exec-7] INFO  jwd.finalproject.controller.listener.MyRequestListener - Request for /FinalProject/css/styles.css; Count=31
2021-04-10 15:05:37 [http-nio-8080-exec-7] INFO  jwd.finalproject.controller.listener.MyRequestListener - Request has been destroyed
2021-04-10 15:05:37 [http-nio-8080-exec-8] INFO  jwd.finalproject.controller.listener.MyRequestListener - Request for /FinalProject/image/image.jpg; Count=32
2021-04-10 15:05:37 [http-nio-8080-exec-8] INFO  jwd.finalproject.controller.listener.MyRequestListener - Request has been destroyed
2021-04-10 15:05:52 [http-nio-8080-exec-10] INFO  jwd.finalproject.controller.listener.MyRequestListener - Request for /FinalProject/controller; Count=33
2021-04-10 15:05:52 [http-nio-8080-exec-10] INFO  jwd.finalproject.controller.listener.MyRequestListener - Request has been destroyed
2021-04-10 15:05:52 [http-nio-8080-exec-1] INFO  jwd.finalproject.controller.listener.MyRequestListener - Request for /FinalProject/image/image.jpg; Count=34
2021-04-10 15:05:52 [http-nio-8080-exec-1] INFO  jwd.finalproject.controller.listener.MyRequestListener - Request has been destroyed
2021-04-10 15:05:53 [http-nio-8080-exec-2] INFO  jwd.finalproject.controller.listener.MyRequestListener - Request for /FinalProject/controller; Count=35
2021-04-10 15:05:53 [http-nio-8080-exec-2] INFO  jwd.finalproject.controller.listener.MyRequestListener - Request has been destroyed
2021-04-10 15:05:54 [http-nio-8080-exec-3] INFO  jwd.finalproject.controller.listener.MyRequestListener - Request for /FinalProject/image/image.jpg; Count=36
2021-04-10 15:05:54 [http-nio-8080-exec-3] INFO  jwd.finalproject.controller.listener.MyRequestListener - Request has been destroyed
2021-04-10 17:17:19 [Catalina-utility-1] INFO  jwd.finalproject.dao.pool.ConnectionPool - Connection pool has been destroyed
2021-04-10 19:41:59 [http-nio-8080-exec-2] INFO  jwd.finalproject.controller.listener.MyRequestListener - Request for /FinalProject/index.jsp; Count=1
2021-04-10 19:42:01 [http-nio-8080-exec-2] INFO  jwd.finalproject.controller.listener.MyRequestListener - Request has been destroyed
2021-04-10 19:42:01 [http-nio-8080-exec-3] INFO  jwd.finalproject.controller.listener.MyRequestListener - Request for /FinalProject/image/image.jpg; Count=2
2021-04-10 19:42:01 [http-nio-8080-exec-3] INFO  jwd.finalproject.controller.listener.MyRequestListener - Request has been destroyed
2021-04-10 19:42:04 [http-nio-8080-exec-4] INFO  jwd.finalproject.controller.listener.MyRequestListener - Request for /FinalProject/controller; Count=3
2021-04-10 19:42:04 [http-nio-8080-exec-4] INFO  jwd.finalproject.controller.listener.MyRequestListener - Request has been destroyed
2021-04-10 19:42:04 [http-nio-8080-exec-5] INFO  jwd.finalproject.controller.listener.MyRequestListener - Request for /FinalProject/image/image.jpg; Count=4
2021-04-10 19:42:04 [http-nio-8080-exec-5] INFO  jwd.finalproject.controller.listener.MyRequestListener - Request has been destroyed
2021-04-10 19:42:31 [http-nio-8080-exec-8] INFO  jwd.finalproject.controller.listener.MyRequestListener - Request for /FinalProject/controller; Count=5
2021-04-10 19:42:32 [http-nio-8080-exec-8] INFO  jwd.finalproject.dao.pool.ConnectionPool - Connection pool has been filled
2021-04-10 19:42:32 [http-nio-8080-exec-8] INFO  jwd.finalproject.controller.listener.MyRequestListener - Request has been destroyed
2021-04-10 19:42:32 [http-nio-8080-exec-9] INFO  jwd.finalproject.controller.listener.MyRequestListener - Request for /FinalProject/image/image.jpg; Count=6
2021-04-10 19:42:32 [http-nio-8080-exec-9] INFO  jwd.finalproject.controller.listener.MyRequestListener - Request has been destroyed
2021-04-10 19:42:33 [http-nio-8080-exec-10] INFO  jwd.finalproject.controller.listener.MyRequestListener - Request for /FinalProject/controller; Count=7
2021-04-10 19:42:33 [http-nio-8080-exec-10] INFO  jwd.finalproject.controller.listener.MyRequestListener - Request has been destroyed
2021-04-10 19:42:33 [http-nio-8080-exec-1] INFO  jwd.finalproject.controller.listener.MyRequestListener - Request for /FinalProject/css/styles.css; Count=8
2021-04-10 19:42:33 [http-nio-8080-exec-2] INFO  jwd.finalproject.controller.listener.MyRequestListener - Request for /FinalProject/image/06bf37e2-f812-4dfb-878f-4feeb0a1a021.jpg; Count=9
2021-04-10 19:42:33 [http-nio-8080-exec-2] INFO  jwd.finalproject.controller.listener.MyRequestListener - Request has been destroyed
2021-04-10 19:42:33 [http-nio-8080-exec-1] INFO  jwd.finalproject.controller.listener.MyRequestListener - Request has been destroyed
2021-04-10 19:42:33 [http-nio-8080-exec-3] INFO  jwd.finalproject.controller.listener.MyRequestListener - Request for /FinalProject/image/befc2cd0-3c7e-46fb-81b2-fffd0f8b75a3.jpg; Count=10
2021-04-10 19:42:33 [http-nio-8080-exec-4] INFO  jwd.finalproject.controller.listener.MyRequestListener - Request for /FinalProject/image/eb0e2e9e-72d2-4675-b9c0-895780ea0b93.jpg; Count=11
2021-04-10 19:42:33 [http-nio-8080-exec-3] INFO  jwd.finalproject.controller.listener.MyRequestListener - Request has been destroyed
2021-04-10 19:42:33 [http-nio-8080-exec-5] INFO  jwd.finalproject.controller.listener.MyRequestListener - Request for /FinalProject/image/cc0e66b9-a7dc-4012-b55e-6b6eced04a40.jpg; Count=12
2021-04-10 19:42:33 [http-nio-8080-exec-3] INFO  jwd.finalproject.controller.listener.MyRequestListener - Request for /FinalProject/image/f5ef68bb-33ce-453b-b071-5e7aa0132810.jpg; Count=13
2021-04-10 19:42:33 [http-nio-8080-exec-5] INFO  jwd.finalproject.controller.listener.MyRequestListener - Request has been destroyed
2021-04-10 19:42:33 [http-nio-8080-exec-4] INFO  jwd.finalproject.controller.listener.MyRequestListener - Request has been destroyed
2021-04-10 19:42:33 [http-nio-8080-exec-3] INFO  jwd.finalproject.controller.listener.MyRequestListener - Request has been destroyed
2021-04-10 19:42:33 [http-nio-8080-exec-7] INFO  jwd.finalproject.controller.listener.MyRequestListener - Request for /FinalProject/image/23f744e4-4ca6-4a79-ae00-5b230712f799.jpg; Count=14
2021-04-10 19:42:33 [http-nio-8080-exec-8] INFO  jwd.finalproject.controller.listener.MyRequestListener - Request for /FinalProject/image/23e48921-0cf6-4c21-8f29-36f671ad3168.jpg; Count=15
2021-04-10 19:42:33 [http-nio-8080-exec-7] INFO  jwd.finalproject.controller.listener.MyRequestListener - Request has been destroyed
2021-04-10 19:42:33 [http-nio-8080-exec-8] INFO  jwd.finalproject.controller.listener.MyRequestListener - Request has been destroyed
2021-04-10 19:42:33 [http-nio-8080-exec-10] INFO  jwd.finalproject.controller.listener.MyRequestListener - Request for /FinalProject/image/b1c29ace-efa9-45b6-8e5a-b4a63218a0e2.jpg; Count=17
2021-04-10 19:42:33 [http-nio-8080-exec-9] INFO  jwd.finalproject.controller.listener.MyRequestListener - Request for /FinalProject/image/7dd50de3-4eec-48fc-b8b1-8a83739e01bb.jpg; Count=16
2021-04-10 19:42:33 [http-nio-8080-exec-10] INFO  jwd.finalproject.controller.listener.MyRequestListener - Request has been destroyed
2021-04-10 19:42:33 [http-nio-8080-exec-9] INFO  jwd.finalproject.controller.listener.MyRequestListener - Request has been destroyed
2021-04-10 19:42:33 [http-nio-8080-exec-2] INFO  jwd.finalproject.controller.listener.MyRequestListener - Request for /FinalProject/image/d3e2c3b8-3d7d-4b46-b9c4-a083fb115a65.jpg; Count=18
2021-04-10 19:42:33 [http-nio-8080-exec-1] INFO  jwd.finalproject.controller.listener.MyRequestListener - Request for /FinalProject/image/0d4dd03a-b681-4833-a87a-09584d45146a.jpg; Count=19
2021-04-10 19:42:33 [http-nio-8080-exec-2] INFO  jwd.finalproject.controller.listener.MyRequestListener - Request has been destroyed
2021-04-10 19:42:33 [http-nio-8080-exec-1] INFO  jwd.finalproject.controller.listener.MyRequestListener - Request has been destroyed
2021-04-10 19:42:33 [http-nio-8080-exec-5] INFO  jwd.finalproject.controller.listener.MyRequestListener - Request for /FinalProject/image/3a930a52-45f3-46b1-89c3-4c5f16f81d34.jpg; Count=21
2021-04-10 19:42:33 [http-nio-8080-exec-6] INFO  jwd.finalproject.controller.listener.MyRequestListener - Request for /FinalProject/image/6e4cdf20-2d91-4fac-ae63-ccd250efcd5d.jpg; Count=20
2021-04-10 19:42:33 [http-nio-8080-exec-6] INFO  jwd.finalproject.controller.listener.MyRequestListener - Request has been destroyed
2021-04-10 19:42:33 [http-nio-8080-exec-5] INFO  jwd.finalproject.controller.listener.MyRequestListener - Request has been destroyed
2021-04-10 19:42:34 [http-nio-8080-exec-4] INFO  jwd.finalproject.controller.listener.MyRequestListener - Request for /FinalProject/image/676f3a25-5171-4e18-b08d-b5ab9cb98209.jpg; Count=22
2021-04-10 19:42:34 [http-nio-8080-exec-4] INFO  jwd.finalproject.controller.listener.MyRequestListener - Request has been destroyed
2021-04-10 19:42:34 [http-nio-8080-exec-7] INFO  jwd.finalproject.controller.listener.MyRequestListener - Request for /FinalProject/image/6baca6c7-b166-44de-8923-2e600ab68c8e.jpg; Count=23
2021-04-10 19:42:34 [http-nio-8080-exec-3] INFO  jwd.finalproject.controller.listener.MyRequestListener - Request for /FinalProject/image/8d9dfc74-6a8a-4570-8af5-18028537c059.jpg; Count=24
2021-04-10 19:42:34 [http-nio-8080-exec-7] INFO  jwd.finalproject.controller.listener.MyRequestListener - Request has been destroyed
2021-04-10 19:42:34 [http-nio-8080-exec-3] INFO  jwd.finalproject.controller.listener.MyRequestListener - Request has been destroyed
2021-04-10 19:42:34 [http-nio-8080-exec-8] INFO  jwd.finalproject.controller.listener.MyRequestListener - Request for /FinalProject/image/98f54056-8665-4e73-b8dc-bb568a223c86.jpg; Count=25
2021-04-10 19:42:34 [http-nio-8080-exec-8] INFO  jwd.finalproject.controller.listener.MyRequestListener - Request has been destroyed
2021-04-10 19:42:34 [http-nio-8080-exec-10] INFO  jwd.finalproject.controller.listener.MyRequestListener - Request for /FinalProject/image/image.jpg; Count=26
2021-04-10 19:42:34 [http-nio-8080-exec-10] INFO  jwd.finalproject.controller.listener.MyRequestListener - Request has been destroyed
2021-04-10 19:42:34 [http-nio-8080-exec-9] INFO  jwd.finalproject.controller.listener.MyRequestListener - Request for /FinalProject/controller; Count=27
2021-04-10 19:42:34 [http-nio-8080-exec-9] INFO  jwd.finalproject.controller.listener.MyRequestListener - Request has been destroyed
2021-04-10 19:42:35 [http-nio-8080-exec-2] INFO  jwd.finalproject.controller.listener.MyRequestListener - Request for /FinalProject/css/styles.css; Count=28
2021-04-10 19:42:35 [http-nio-8080-exec-1] INFO  jwd.finalproject.controller.listener.MyRequestListener - Request for /FinalProject/image/befc2cd0-3c7e-46fb-81b2-fffd0f8b75a3.jpg; Count=29
2021-04-10 19:42:35 [http-nio-8080-exec-2] INFO  jwd.finalproject.controller.listener.MyRequestListener - Request has been destroyed
2021-04-10 19:42:35 [http-nio-8080-exec-1] INFO  jwd.finalproject.controller.listener.MyRequestListener - Request has been destroyed
2021-04-10 19:42:35 [http-nio-8080-exec-6] INFO  jwd.finalproject.controller.listener.MyRequestListener - Request for /FinalProject/image/image.jpg; Count=30
2021-04-10 19:42:35 [http-nio-8080-exec-6] INFO  jwd.finalproject.controller.listener.MyRequestListener - Request has been destroyed
2021-04-10 19:42:36 [http-nio-8080-exec-5] INFO  jwd.finalproject.controller.listener.MyRequestListener - Request for /FinalProject/controller; Count=31
2021-04-10 19:42:36 [http-nio-8080-exec-5] INFO  jwd.finalproject.controller.listener.MyRequestListener - Request has been destroyed
2021-04-10 19:42:36 [http-nio-8080-exec-4] INFO  jwd.finalproject.controller.listener.MyRequestListener - Request for /FinalProject/image/image.jpg; Count=32
2021-04-10 19:42:36 [http-nio-8080-exec-4] INFO  jwd.finalproject.controller.listener.MyRequestListener - Request has been destroyed
2021-04-10 19:42:40 [http-nio-8080-exec-7] INFO  jwd.finalproject.controller.listener.MyRequestListener - Request for /FinalProject/controller; Count=33
2021-04-10 19:42:40 [http-nio-8080-exec-7] INFO  jwd.finalproject.controller.listener.MyRequestListener - Request has been destroyed
2021-04-10 19:42:40 [http-nio-8080-exec-3] INFO  jwd.finalproject.controller.listener.MyRequestListener - Request for /FinalProject/css/styles.css; Count=34
2021-04-10 19:42:40 [http-nio-8080-exec-8] INFO  jwd.finalproject.controller.listener.MyRequestListener - Request for /FinalProject/image/befc2cd0-3c7e-46fb-81b2-fffd0f8b75a3.jpg; Count=35
2021-04-10 19:42:40 [http-nio-8080-exec-8] INFO  jwd.finalproject.controller.listener.MyRequestListener - Request has been destroyed
2021-04-10 19:42:40 [http-nio-8080-exec-3] INFO  jwd.finalproject.controller.listener.MyRequestListener - Request has been destroyed
2021-04-10 19:42:40 [http-nio-8080-exec-10] INFO  jwd.finalproject.controller.listener.MyRequestListener - Request for /FinalProject/image/image.jpg; Count=36
2021-04-10 19:42:40 [http-nio-8080-exec-10] INFO  jwd.finalproject.controller.listener.MyRequestListener - Request has been destroyed
2021-04-10 19:42:41 [http-nio-8080-exec-9] INFO  jwd.finalproject.controller.listener.MyRequestListener - Request for /FinalProject/controller; Count=37
2021-04-10 19:42:41 [http-nio-8080-exec-9] INFO  jwd.finalproject.controller.listener.MyRequestListener - Request has been destroyed
2021-04-10 19:42:42 [http-nio-8080-exec-2] INFO  jwd.finalproject.controller.listener.MyRequestListener - Request for /FinalProject/image/image.jpg; Count=38
2021-04-10 19:42:42 [http-nio-8080-exec-2] INFO  jwd.finalproject.controller.listener.MyRequestListener - Request has been destroyed
2021-04-10 19:42:50 [http-nio-8080-exec-1] INFO  jwd.finalproject.controller.listener.MyRequestListener - Request for /FinalProject/controller; Count=39
2021-04-10 19:42:50 [http-nio-8080-exec-1] INFO  jwd.finalproject.controller.listener.MyRequestListener - Request has been destroyed
2021-04-10 19:42:50 [http-nio-8080-exec-6] INFO  jwd.finalproject.controller.listener.MyRequestListener - Request for /FinalProject/image/image.jpg; Count=40
2021-04-10 19:42:50 [http-nio-8080-exec-6] INFO  jwd.finalproject.controller.listener.MyRequestListener - Request has been destroyed
2021-04-10 19:42:56 [http-nio-8080-exec-5] INFO  jwd.finalproject.controller.listener.MyRequestListener - Request for /FinalProject/controller; Count=41
2021-04-10 19:42:56 [http-nio-8080-exec-5] INFO  jwd.finalproject.controller.listener.MyRequestListener - Request has been destroyed
2021-04-10 19:42:56 [http-nio-8080-exec-4] INFO  jwd.finalproject.controller.listener.MyRequestListener - Request for /FinalProject/image/image.jpg; Count=42
2021-04-10 19:42:56 [http-nio-8080-exec-4] INFO  jwd.finalproject.controller.listener.MyRequestListener - Request has been destroyed
2021-04-10 19:42:58 [http-nio-8080-exec-7] INFO  jwd.finalproject.controller.listener.MyRequestListener - Request for /FinalProject/controller; Count=43
2021-04-10 19:42:58 [http-nio-8080-exec-7] INFO  jwd.finalproject.controller.listener.MyRequestListener - Request has been destroyed
2021-04-10 19:42:58 [http-nio-8080-exec-8] INFO  jwd.finalproject.controller.listener.MyRequestListener - Request for /FinalProject/image/image.jpg; Count=44
2021-04-10 19:42:58 [http-nio-8080-exec-8] INFO  jwd.finalproject.controller.listener.MyRequestListener - Request has been destroyed
2021-04-10 19:43:00 [http-nio-8080-exec-3] INFO  jwd.finalproject.controller.listener.MyRequestListener - Request for /FinalProject/controller; Count=45
2021-04-10 19:43:00 [http-nio-8080-exec-3] INFO  jwd.finalproject.controller.listener.MyRequestListener - Request has been destroyed
2021-04-10 19:43:00 [http-nio-8080-exec-9] INFO  jwd.finalproject.controller.listener.MyRequestListener - Request for /FinalProject/image/06bf37e2-f812-4dfb-878f-4feeb0a1a021.jpg; Count=47
2021-04-10 19:43:00 [http-nio-8080-exec-10] INFO  jwd.finalproject.controller.listener.MyRequestListener - Request for /FinalProject/css/styles.css; Count=46
2021-04-10 19:43:00 [http-nio-8080-exec-9] INFO  jwd.finalproject.controller.listener.MyRequestListener - Request has been destroyed
2021-04-10 19:43:00 [http-nio-8080-exec-10] INFO  jwd.finalproject.controller.listener.MyRequestListener - Request has been destroyed
